2022-01-25 18:13:18 INFO  eBanking:22 - url is opened
2022-01-25 18:13:19 INFO  eBanking:27 - usename is entered
2022-01-25 18:13:19 INFO  eBanking:30 - password is entered
2022-01-25 18:13:20 INFO  eBanking:33 - submit button is clicked
2022-01-25 18:17:25 INFO  eBanking:22 - url is opened
2022-01-25 18:17:27 INFO  eBanking:27 - usename is entered
2022-01-25 18:17:27 INFO  eBanking:30 - password is entered
2022-01-25 18:17:27 INFO  eBanking:33 - submit button is clicked
2022-01-25 18:19:35 INFO  eBanking:22 - url is opened
2022-01-25 18:19:36 INFO  eBanking:27 - usename is entered
2022-01-25 18:19:36 INFO  eBanking:30 - password is entered
2022-01-25 18:19:37 INFO  eBanking:33 - submit button is clicked
2022-01-25 18:25:59 INFO  eBanking:22 - url is opened
2022-01-25 18:25:59 INFO  eBanking:27 - usename is entered
2022-01-25 18:25:59 INFO  eBanking:30 - password is entered
2022-01-25 18:26:00 INFO  eBanking:33 - submit button is clicked
2022-01-25 18:27:05 INFO  eBanking:22 - url is opened
2022-01-25 18:27:05 INFO  eBanking:27 - usename is entered
2022-01-25 18:27:05 INFO  eBanking:30 - password is entered
2022-01-25 18:27:06 INFO  eBanking:33 - submit button is clicked
2022-01-25 18:28:48 INFO  eBanking:22 - url is opened
2022-01-25 18:28:48 INFO  eBanking:27 - usename is entered
2022-01-25 18:28:48 INFO  eBanking:30 - password is entered
2022-01-25 18:28:49 INFO  eBanking:33 - submit button is clicked
2022-01-25 18:30:30 INFO  eBanking:22 - url is opened
2022-01-25 18:30:30 INFO  eBanking:27 - usename is entered
2022-01-25 18:30:30 INFO  eBanking:30 - password is entered
2022-01-25 18:30:31 INFO  eBanking:33 - submit button is clicked
2022-01-25 18:31:47 INFO  eBanking:22 - url is opened
2022-01-25 18:31:47 INFO  eBanking:27 - usename is entered
2022-01-25 18:31:47 INFO  eBanking:30 - password is entered
2022-01-25 18:31:48 INFO  eBanking:33 - submit button is clicked
2022-01-25 18:33:13 INFO  eBanking:22 - url is opened
2022-01-25 18:33:13 INFO  eBanking:27 - usename is entered
2022-01-25 18:33:13 INFO  eBanking:30 - password is entered
2022-01-25 18:33:14 INFO  eBanking:33 - submit button is clicked
2022-01-25 18:34:22 INFO  eBanking:22 - url is opened
2022-01-25 18:34:22 INFO  eBanking:27 - usename is entered
2022-01-25 18:34:22 INFO  eBanking:30 - password is entered
2022-01-25 18:34:23 INFO  eBanking:33 - submit button is clicked
2022-01-25 18:35:16 INFO  eBanking:22 - url is opened
2022-01-25 18:35:16 INFO  eBanking:27 - usename is entered
2022-01-25 18:35:16 INFO  eBanking:30 - password is entered
2022-01-25 18:35:17 INFO  eBanking:33 - submit button is clicked
2022-01-25 18:36:26 INFO  eBanking:22 - url is opened
2022-01-25 18:36:26 INFO  eBanking:27 - usename is entered
2022-01-25 18:36:26 INFO  eBanking:30 - password is entered
2022-01-25 18:36:27 INFO  eBanking:33 - submit button is clicked
2022-01-25 18:51:42 INFO  eBanking:22 - url is opened
2022-01-25 18:51:42 INFO  eBanking:27 - usename is entered
2022-01-25 18:51:42 INFO  eBanking:30 - password is entered
2022-01-25 18:51:43 INFO  eBanking:33 - submit button is clicked
2022-01-25 18:56:45 INFO  eBanking:23 - url is opened
2022-01-25 18:56:45 INFO  eBanking:28 - usename is entered
2022-01-25 18:56:45 INFO  eBanking:31 - password is entered
2022-01-25 18:56:46 INFO  eBanking:34 - submit button is clicked
2022-01-25 18:58:36 INFO  eBanking:23 - url is opened
2022-01-25 18:58:36 INFO  eBanking:28 - usename is entered
2022-01-25 18:58:36 INFO  eBanking:31 - password is entered
2022-01-25 18:58:37 INFO  eBanking:34 - submit button is clicked
2022-01-25 19:00:52 INFO  eBanking:23 - url is opened
2022-01-25 19:00:52 INFO  eBanking:28 - usename is entered
2022-01-25 19:00:52 INFO  eBanking:31 - password is entered
2022-01-25 19:00:52 INFO  eBanking:34 - submit button is clicked
2022-01-25 19:04:58 INFO  eBanking:23 - url is opened
2022-01-25 19:04:59 INFO  eBanking:28 - usename is entered
2022-01-25 19:04:59 INFO  eBanking:31 - password is entered
2022-01-25 19:04:59 INFO  eBanking:34 - submit button is clicked
2022-01-25 19:12:55 INFO  eBanking:23 - url is opened
2022-01-25 19:12:55 INFO  eBanking:28 - usename is entered
2022-01-25 19:12:55 INFO  eBanking:31 - password is entered
2022-01-25 19:12:57 INFO  eBanking:34 - submit button is clicked
2022-01-25 19:17:28 INFO  eBanking:23 - url is opened
2022-01-25 19:17:28 INFO  eBanking:28 - usename is entered
2022-01-25 19:17:28 INFO  eBanking:31 - password is entered
2022-01-25 19:17:29 INFO  eBanking:34 - submit button is clicked
2022-01-25 19:20:20 INFO  eBanking:23 - url is opened
2022-01-25 19:20:20 INFO  eBanking:28 - usename is entered
2022-01-25 19:20:20 INFO  eBanking:31 - password is entered
2022-01-25 19:20:21 INFO  eBanking:34 - submit button is clicked
2022-01-25 19:25:13 INFO  eBanking:23 - url is opened
2022-01-25 19:25:13 INFO  eBanking:28 - usename is entered
2022-01-25 19:25:13 INFO  eBanking:31 - password is entered
2022-01-25 19:25:14 INFO  eBanking:34 - submit button is clicked
2022-01-25 19:37:42 INFO  eBanking:23 - url is opened
2022-01-25 19:37:43 INFO  eBanking:28 - usename is entered
2022-01-25 19:37:43 INFO  eBanking:31 - password is entered
2022-01-25 19:37:44 INFO  eBanking:34 - submit button is clicked
2022-01-26 10:59:48 INFO  eBanking:23 - url is opened
2022-01-26 10:59:48 INFO  eBanking:28 - usename is entered
2022-01-26 10:59:48 INFO  eBanking:31 - password is entered
2022-01-26 10:59:48 INFO  eBanking:34 - submit button is clicked
2022-01-26 11:07:14 INFO  eBanking:23 - url is opened
2022-01-26 11:07:14 INFO  eBanking:28 - usename is entered
2022-01-26 11:07:14 INFO  eBanking:31 - password is entered
2022-01-26 11:07:14 INFO  eBanking:34 - submit button is clicked
2022-01-26 11:07:46 INFO  eBanking:23 - url is opened
2022-01-26 11:07:46 INFO  eBanking:28 - usename is entered
2022-01-26 11:07:46 INFO  eBanking:31 - password is entered
2022-01-26 11:07:47 INFO  eBanking:34 - submit button is clicked
2022-01-26 11:17:28 INFO  eBanking:23 - url is opened
2022-01-26 11:17:29 INFO  eBanking:28 - usename is entered
2022-01-26 11:17:29 INFO  eBanking:31 - password is entered
2022-01-26 11:17:29 INFO  eBanking:34 - submit button is clicked
2022-01-26 11:21:31 INFO  eBanking:24 - url is opened
2022-01-26 11:21:31 INFO  eBanking:29 - usename is entered
2022-01-26 11:21:31 INFO  eBanking:32 - password is entered
2022-01-26 11:21:32 INFO  eBanking:35 - submit button is clicked
2022-01-26 11:25:12 INFO  eBanking:25 - url is opened
2022-01-26 11:25:13 INFO  eBanking:30 - usename is entered
2022-01-26 11:25:13 INFO  eBanking:33 - password is entered
2022-01-26 11:25:13 INFO  eBanking:36 - submit button is clicked
2022-01-26 11:30:09 INFO  eBanking:25 - url is opened
2022-01-26 11:30:10 INFO  eBanking:30 - usename is entered
2022-01-26 11:30:10 INFO  eBanking:33 - password is entered
2022-01-26 11:30:11 INFO  eBanking:36 - submit button is clicked
2022-01-26 11:30:15 INFO  eBanking:46 - 1
2022-01-26 11:32:20 INFO  eBanking:25 - url is opened
2022-01-26 11:32:21 INFO  eBanking:30 - usename is entered
2022-01-26 11:32:21 INFO  eBanking:33 - password is entered
2022-01-26 11:32:21 INFO  eBanking:36 - submit button is clicked
2022-01-26 13:22:17 INFO  eBanking:25 - url is opened
2022-01-26 13:22:17 INFO  eBanking:30 - usename is entered
2022-01-26 13:22:18 INFO  eBanking:33 - password is entered
2022-01-26 13:22:18 INFO  eBanking:36 - submit button is clicked
2022-01-26 13:24:59 INFO  eBanking:25 - url is opened
2022-01-26 13:24:59 INFO  eBanking:30 - usename is entered
2022-01-26 13:24:59 INFO  eBanking:33 - password is entered
2022-01-26 13:25:00 INFO  eBanking:36 - submit button is clicked
2022-01-26 13:27:20 INFO  eBanking:25 - url is opened
2022-01-26 13:27:20 INFO  eBanking:30 - usename is entered
2022-01-26 13:27:20 INFO  eBanking:33 - password is entered
2022-01-26 13:27:21 INFO  eBanking:36 - submit button is clicked
2022-01-26 13:29:27 INFO  eBanking:25 - url is opened
2022-01-26 13:29:28 INFO  eBanking:30 - usename is entered
2022-01-26 13:29:28 INFO  eBanking:33 - password is entered
2022-01-26 13:29:29 INFO  eBanking:36 - submit button is clicked
2022-01-26 13:31:40 INFO  eBanking:25 - url is opened
2022-01-26 13:31:40 INFO  eBanking:30 - usename is entered
2022-01-26 13:31:40 INFO  eBanking:33 - password is entered
2022-01-26 13:31:41 INFO  eBanking:36 - submit button is clicked
2022-01-26 14:33:29 INFO  eBanking:26 - url is opened
2022-01-26 14:33:29 INFO  eBanking:31 - usename is entered
2022-01-26 14:33:29 INFO  eBanking:34 - password is entered
2022-01-26 14:33:29 INFO  eBanking:37 - submit button is clicked
2022-01-26 14:40:06 INFO  eBanking:26 - url is opened
2022-01-26 14:40:06 INFO  eBanking:31 - usename is entered
2022-01-26 14:40:06 INFO  eBanking:34 - password is entered
2022-01-26 14:40:06 INFO  eBanking:37 - submit button is clicked
2022-01-26 14:43:15 INFO  eBanking:26 - url is opened
2022-01-26 14:43:15 INFO  eBanking:31 - usename is entered
2022-01-26 14:43:15 INFO  eBanking:34 - password is entered
2022-01-26 14:43:16 INFO  eBanking:37 - submit button is clicked
2022-01-26 14:45:36 INFO  eBanking:26 - url is opened
2022-01-26 14:45:36 INFO  eBanking:31 - usename is entered
2022-01-26 14:45:36 INFO  eBanking:34 - password is entered
2022-01-26 14:45:37 INFO  eBanking:37 - submit button is clicked
2022-01-26 14:46:58 INFO  eBanking:26 - url is opened
2022-01-26 14:46:58 INFO  eBanking:31 - usename is entered
2022-01-26 14:46:58 INFO  eBanking:34 - password is entered
2022-01-26 14:46:59 INFO  eBanking:37 - submit button is clicked
2022-01-26 14:51:19 INFO  eBanking:26 - url is opened
2022-01-26 14:51:19 INFO  eBanking:31 - usename is entered
2022-01-26 14:51:19 INFO  eBanking:34 - password is entered
2022-01-26 14:51:20 INFO  eBanking:37 - submit button is clicked
2022-01-26 14:54:49 INFO  eBanking:26 - url is opened
2022-01-26 14:54:50 INFO  eBanking:31 - usename is entered
2022-01-26 14:54:50 INFO  eBanking:34 - password is entered
2022-01-26 14:54:51 INFO  eBanking:37 - submit button is clicked
2022-01-26 14:56:54 INFO  eBanking:26 - url is opened
2022-01-26 14:56:54 INFO  eBanking:31 - usename is entered
2022-01-26 14:56:54 INFO  eBanking:34 - password is entered
2022-01-26 14:56:55 INFO  eBanking:37 - submit button is clicked
2022-01-26 14:58:38 INFO  eBanking:26 - url is opened
2022-01-26 14:58:39 INFO  eBanking:31 - usename is entered
2022-01-26 14:58:39 INFO  eBanking:34 - password is entered
2022-01-26 14:58:39 INFO  eBanking:37 - submit button is clicked
2022-01-26 15:01:51 INFO  eBanking:26 - url is opened
2022-01-26 15:01:53 INFO  eBanking:31 - usename is entered
2022-01-26 15:01:53 INFO  eBanking:34 - password is entered
2022-01-26 15:01:55 INFO  eBanking:37 - submit button is clicked
2022-01-26 15:04:55 INFO  eBanking:26 - url is opened
2022-01-26 15:04:55 INFO  eBanking:31 - usename is entered
2022-01-26 15:04:55 INFO  eBanking:34 - password is entered
2022-01-26 15:04:56 INFO  eBanking:37 - submit button is clicked
2022-01-26 15:08:12 INFO  eBanking:26 - url is opened
2022-01-26 15:08:13 INFO  eBanking:31 - usename is entered
2022-01-26 15:08:13 INFO  eBanking:34 - password is entered
2022-01-26 15:08:14 INFO  eBanking:37 - submit button is clicked
2022-01-26 17:31:59 INFO  eBanking:26 - url is opened
2022-01-26 17:31:59 INFO  eBanking:31 - usename is entered
2022-01-26 17:31:59 INFO  eBanking:34 - password is entered
2022-01-26 17:31:59 INFO  eBanking:37 - submit button is clicked
2022-01-26 17:33:31 INFO  eBanking:26 - url is opened
2022-01-26 17:33:32 INFO  eBanking:31 - usename is entered
2022-01-26 17:33:32 INFO  eBanking:34 - password is entered
2022-01-26 17:33:32 INFO  eBanking:37 - submit button is clicked
2022-01-26 17:34:34 INFO  eBanking:26 - url is opened
2022-01-26 17:34:35 INFO  eBanking:31 - usename is entered
2022-01-26 17:34:35 INFO  eBanking:34 - password is entered
2022-01-26 17:34:36 INFO  eBanking:37 - submit button is clicked
2022-01-26 17:35:59 INFO  eBanking:26 - url is opened
2022-01-26 17:35:59 INFO  eBanking:31 - usename is entered
2022-01-26 17:36:00 INFO  eBanking:34 - password is entered
2022-01-26 17:36:00 INFO  eBanking:37 - submit button is clicked
2022-01-26 17:46:30 INFO  eBanking:26 - url is opened
2022-01-26 17:46:30 INFO  eBanking:31 - usename is entered
2022-01-26 17:46:30 INFO  eBanking:34 - password is entered
2022-01-26 17:46:31 INFO  eBanking:37 - submit button is clicked
2022-01-26 17:49:35 INFO  eBanking:26 - url is opened
2022-01-26 17:49:35 INFO  eBanking:31 - usename is entered
2022-01-26 17:49:35 INFO  eBanking:34 - password is entered
2022-01-26 17:49:36 INFO  eBanking:37 - submit button is clicked
2022-01-26 17:49:43 INFO  eBanking:55 - 05/29/1992
2022-01-26 17:49:46 INFO  eBanking:55 - 01/13/1986
2022-01-26 17:49:49 INFO  eBanking:55 - 06/16/2017
2022-01-26 17:49:52 INFO  eBanking:55 - 12/23/1990
2022-01-26 17:52:19 INFO  eBanking:26 - url is opened
2022-01-26 17:52:20 INFO  eBanking:31 - usename is entered
2022-01-26 17:52:20 INFO  eBanking:34 - password is entered
2022-01-26 17:52:21 INFO  eBanking:37 - submit button is clicked
2022-01-26 17:52:27 INFO  eBanking:55 - 05/29/1992
2022-01-26 17:52:30 INFO  eBanking:55 - 01/13/1986
2022-01-26 17:52:32 INFO  eBanking:55 - 06/16/2017
2022-01-26 17:52:34 INFO  eBanking:55 - 12/23/1990
2022-01-26 17:54:22 INFO  eBanking:26 - url is opened
2022-01-26 17:54:22 INFO  eBanking:31 - usename is entered
2022-01-26 17:54:22 INFO  eBanking:34 - password is entered
2022-01-26 17:54:23 INFO  eBanking:37 - submit button is clicked
2022-01-26 17:54:34 INFO  eBanking:55 - 05/29/1992
2022-01-26 17:54:41 INFO  eBanking:55 - 01/13/1986
2022-01-26 17:54:47 INFO  eBanking:55 - 06/16/2017
2022-01-26 17:54:53 INFO  eBanking:55 - 12/23/1990
2022-01-26 17:56:38 INFO  eBanking:26 - url is opened
2022-01-26 17:56:40 INFO  eBanking:31 - usename is entered
2022-01-26 17:56:40 INFO  eBanking:34 - password is entered
2022-01-26 17:56:41 INFO  eBanking:37 - submit button is clicked
2022-01-26 17:56:50 INFO  eBanking:55 - 05/29/1992
2022-01-26 17:56:57 INFO  eBanking:55 - 01/13/1986
2022-01-26 17:57:03 INFO  eBanking:55 - 06/16/2017
2022-01-26 17:57:13 INFO  eBanking:55 - 12/23/1990
2022-01-26 17:58:02 INFO  eBanking:26 - url is opened
2022-01-26 17:58:02 INFO  eBanking:31 - usename is entered
2022-01-26 17:58:02 INFO  eBanking:34 - password is entered
2022-01-26 17:58:03 INFO  eBanking:37 - submit button is clicked
2022-01-26 17:58:20 INFO  eBanking:55 - 05/29/1992
2022-01-26 17:58:34 INFO  eBanking:55 - 01/13/1986
2022-01-26 17:58:47 INFO  eBanking:55 - 06/16/2017
2022-01-26 17:59:01 INFO  eBanking:55 - 12/23/1990
2022-01-26 18:01:47 INFO  eBanking:26 - url is opened
2022-01-26 18:01:47 INFO  eBanking:31 - usename is entered
2022-01-26 18:01:47 INFO  eBanking:34 - password is entered
2022-01-26 18:01:47 INFO  eBanking:37 - submit button is clicked
2022-01-26 18:02:03 INFO  eBanking:55 - 05/29/1992
2022-01-26 18:02:16 INFO  eBanking:55 - 01/13/1986
2022-01-26 18:02:28 INFO  eBanking:55 - 06/16/2017
2022-01-26 18:02:42 INFO  eBanking:55 - 12/23/1990
2022-01-26 18:05:02 INFO  eBanking:26 - url is opened
2022-01-26 18:05:02 INFO  eBanking:31 - usename is entered
2022-01-26 18:05:02 INFO  eBanking:34 - password is entered
2022-01-26 18:05:03 INFO  eBanking:37 - submit button is clicked
2022-01-26 18:05:18 INFO  eBanking:55 - 05/29/1992
2022-01-26 18:05:31 INFO  eBanking:55 - 01/13/1986
2022-01-26 18:05:44 INFO  eBanking:55 - 06/16/2017
2022-01-26 18:05:57 INFO  eBanking:55 - 12/23/1990
2022-01-26 18:08:41 INFO  eBanking:26 - url is opened
2022-01-26 18:08:41 INFO  eBanking:31 - usename is entered
2022-01-26 18:08:41 INFO  eBanking:34 - password is entered
2022-01-26 18:08:42 INFO  eBanking:37 - submit button is clicked
2022-01-26 18:08:57 INFO  eBanking:55 - 05/29/1992
2022-01-26 18:09:09 INFO  eBanking:55 - 01/13/1986
2022-01-26 18:09:21 INFO  eBanking:55 - 06/16/2017
2022-01-26 18:09:34 INFO  eBanking:55 - 12/23/1990
2022-01-26 18:13:23 INFO  eBanking:26 - url is opened
2022-01-26 18:13:23 INFO  eBanking:31 - usename is entered
2022-01-26 18:13:23 INFO  eBanking:34 - password is entered
2022-01-26 18:13:23 INFO  eBanking:37 - submit button is clicked
2022-01-26 18:13:28 INFO  eBanking:55 - 05/29/1992
2022-01-26 18:13:36 INFO  eBanking:55 - 01/13/1986
2022-01-26 18:13:44 INFO  eBanking:55 - 06/16/2017
2022-01-26 18:13:51 INFO  eBanking:55 - 12/23/1990
2022-01-31 13:21:05 INFO  eBanking:26 - url is opened
2022-01-31 13:21:05 INFO  eBanking:31 - usename is entered
2022-01-31 13:21:05 INFO  eBanking:34 - password is entered
2022-01-31 13:21:06 INFO  eBanking:37 - submit button is clicked
2022-01-31 13:22:01 INFO  eBanking:26 - url is opened
2022-01-31 13:22:01 INFO  eBanking:31 - usename is entered
2022-01-31 13:22:01 INFO  eBanking:34 - password is entered
2022-01-31 13:22:02 INFO  eBanking:37 - submit button is clicked
2022-01-31 13:22:13 INFO  eBanking:55 - 06/16/2017
2022-01-31 13:22:22 INFO  eBanking:55 - 12/23/1990
2022-01-31 13:22:55 INFO  eBanking:26 - url is opened
2022-01-31 13:22:56 INFO  eBanking:31 - usename is entered
2022-01-31 13:22:56 INFO  eBanking:34 - password is entered
2022-01-31 13:22:57 INFO  eBanking:37 - submit button is clicked
2022-01-31 13:23:06 INFO  eBanking:55 - 06/16/2017
2022-01-31 13:23:17 INFO  eBanking:55 - 12/23/1990
2022-02-01 19:05:38 INFO  eBanking:19 - url is opened
2022-02-01 19:05:38 INFO  eBanking:23 - usename is entered
2022-02-01 19:05:39 INFO  eBanking:26 - password is entered
2022-02-01 19:05:39 INFO  eBanking:29 - submit button is clicked
2022-02-01 19:07:40 INFO  eBanking:19 - url is opened
2022-02-01 19:07:41 INFO  eBanking:23 - usename is entered
2022-02-01 19:07:41 INFO  eBanking:26 - password is entered
2022-02-01 19:07:42 INFO  eBanking:29 - submit button is clicked
